<?xml version="1.0" encoding="UTF-8"?>
<!-- Generated by org.testng.reporters.JUnitReportReporter -->
<testsuite skipped="0" hostname="TESTER-WS14-PC" name="tests.TestAddemployee" tests="5" failures="0" timestamp="28 Aug 2019 13:25:25 GMT" time="32.948" errors="0">
  <testcase name="loginDemo" time="5.180" classname="tests.TestAddemployee"/>
  <testcase name="Clientmenu" time="2.880" classname="tests.TestAddemployee"/>
  <testcase name="SearchACompany" time="11.377" classname="tests.TestAddemployee"/>
  <testcase name="ClickonAddemployeesLink" time="2.433" classname="tests.TestAddemployee"/>
  <testcase name="Addemployeepage" time="11.078" classname="tests.TestAddemployee"/>
</testsuite> <!-- tests.TestAddemployee -->
