<?xml version="1.0" encoding="UTF-8"?>
<!-- Generated by org.testng.reporters.JUnitReportReporter -->
<testsuite skipped="0" hostname="Web-PC" name="tests.UploadFileTest" tests="1" failures="0" timestamp="27 Aug 2019 10:04:50 GMT" time="8.235" errors="0">
  <testcase name="verifyEmployeInformationFileUpload" time="8.235" classname="tests.UploadFileTest"/>
</testsuite> <!-- tests.UploadFileTest -->
